<?xml version="1.0" encoding="UTF-8"?>
<!-- Generated by org.testng.reporters.JUnitReportReporter -->
<testsuite skipped="0" hostname="SK-PC" name="Example.LearningDataProvider" tests="6" failures="0" timestamp="2020-05-15T09:04:13 IST" time="0.046" errors="0">
  <testcase name="registeredUser" time="0.004" classname="Example.LearningDataProvider"/>
  <system-out/>
  <testcase name="registeredUser" time="0.007" classname="Example.LearningDataProvider"/>
  <system-out/>
  <testcase name="registeredUser" time="0.007" classname="Example.LearningDataProvider"/>
  <system-out/>
  <testcase name="LoginUser" time="0.017" classname="Example.LearningDataProvider"/>
  <system-out/>
  <testcase name="LoginUser" time="0.004" classname="Example.LearningDataProvider"/>
  <system-out/>
  <testcase name="LoginUser" time="0.007" classname="Example.LearningDataProvider"/>
  <system-out/>
</testsuite> <!-- Example.LearningDataProvider -->
