<?xml version="1.0" encoding="UTF-8"?>
<!-- Generated by org.testng.reporters.JUnitReportReporter -->
<testsuite skipped="0" hostname="SK-PC" name="Example.NewTest" tests="1" failures="0" timestamp="2020-05-08T01:52:07 IST" time="14.503" errors="0">
  <testcase name="testEasy" time="14.503" classname="Example.NewTest"/>
  <system-out/>
</testsuite> <!-- Example.NewTest -->
