<?xml version="1.0" encoding="UTF-8"?>
<!-- Generated by org.testng.reporters.JUnitReportReporter -->
<testsuite skipped="0" hostname="SK-PC" name="Example.learningProperty" tests="1" failures="0" timestamp="2020-05-25T17:18:54 IST" time="0.021" errors="0">
  <testcase name="testProperty" time="0.021" classname="Example.learningProperty"/>
  <system-out/>
</testsuite> <!-- Example.learningProperty -->
